Intermediate/Android/arm64/gradle/app/build/intermediates/manifest_merge_blame_file/debug/manifest-merger-blame-debug-report.txt
1<?xml version="1.0" encoding="utf-8"?>
2<manifest xmlns:android="http://schemas.android.com/apk/res/android"
3    package="com.epicgames.GRUA_IMP3D"
4    android:installLocation="internalOnly"
5    android:versionCode="1"
6    android:versionName="1.0" >
7
8    <uses-sdk
9        android:minSdkVersion="29"
9-->src\main\AndroidManifest.xml
10        android:targetSdkVersion="32" />
10-->src\main\AndroidManifest.xml
11
12    <queries>
12-->src\main\AndroidManifest.xml:2:3-13:13
13        <intent>
13-->src\main\AndroidManifest.xml:3:5-7:14
14            <action android:name="android.intent.action.VIEW" />
14-->src\main\AndroidManifest.xml:4:7-59
14-->src\main\AndroidManifest.xml:4:15-56
15
16            <category android:name="android.intent.category.BROWSABLE" />
16-->src\main\AndroidManifest.xml:5:7-68
16-->src\main\AndroidManifest.xml:5:17-65
17
18            <data android:scheme="http" />
18-->src\main\AndroidManifest.xml:6:7-37
18-->src\main\AndroidManifest.xml:6:13-34
19        </intent>
20        <intent>
20-->src\main\AndroidManifest.xml:8:5-12:14
21            <action android:name="android.intent.action.VIEW" />
21-->src\main\AndroidManifest.xml:4:7-59
21-->src\main\AndroidManifest.xml:4:15-56
22
23            <category android:name="android.intent.category.BROWSABLE" />
23-->src\main\AndroidManifest.xml:5:7-68
23-->src\main\AndroidManifest.xml:5:17-65
24
25            <data android:scheme="https" />
25-->src\main\AndroidManifest.xml:6:7-37
25-->src\main\AndroidManifest.xml:6:13-34
26        </intent>
27        <intent>
27-->[com.android.billingclient:billing:6.0.0] AndroidManifest.xml:13:9-15:18
28            <action android:name="com.android.vending.billing.InAppBillingService.BIND" />
28-->[com.android.billingclient:billing:6.0.0] AndroidManifest.xml:14:13-91
28-->[com.android.billingclient:billing:6.0.0] AndroidManifest.xml:14:21-88
29        </intent>
30    </queries>
31    <!-- Requirements -->
32    <uses-feature
32-->src\main\AndroidManifest.xml:79:3-76
33        android:glEsVersion="0x00030000"
33-->src\main\AndroidManifest.xml:79:17-49
34        android:required="true" />
34-->src\main\AndroidManifest.xml:79:50-73
35
36    <uses-permission android:name="android.permission.INTERNET" />
36-->src\main\AndroidManifest.xml:80:3-65
36-->src\main\AndroidManifest.xml:80:20-62
37    <uses-permission android:name="android.permission.WRITE_EXTERNAL_STORAGE" />
37-->src\main\AndroidManifest.xml:81:3-79
37-->src\main\AndroidManifest.xml:81:20-76
38    <uses-permission android:name="android.permission.ACCESS_NETWORK_STATE" />
38-->src\main\AndroidManifest.xml:82:3-77
38-->src\main\AndroidManifest.xml:82:20-74
39    <uses-permission android:name="android.permission.WAKE_LOCK" />
39-->src\main\AndroidManifest.xml:83:3-66
39-->src\main\AndroidManifest.xml:83:20-63
40    <uses-permission android:name="com.android.vending.CHECK_LICENSE" />
40-->src\main\AndroidManifest.xml:84:3-71
40-->src\main\AndroidManifest.xml:84:20-68
41    <uses-permission android:name="android.permission.ACCESS_WIFI_STATE" />
41-->src\main\AndroidManifest.xml:85:3-74
41-->src\main\AndroidManifest.xml:85:20-71
42    <uses-permission android:name="com.android.vending.BILLING" />
42-->src\main\AndroidManifest.xml:86:3-65
42-->src\main\AndroidManifest.xml:86:20-62
43
44    <uses-feature
44-->src\main\AndroidManifest.xml:87:3-123
45        android:name="android.hardware.vr.headtracking"
45-->src\main\AndroidManifest.xml:87:17-64
46        __line="29"
46-->src\main\AndroidManifest.xml:87:109-120
47        android:required="true"
47-->src\main\AndroidManifest.xml:87:85-108
48        android:version="1" />
48-->src\main\AndroidManifest.xml:87:65-84
49    <uses-feature
49-->src\main\AndroidManifest.xml:88:3-72
50        android:name="android.hardware.usb.host"
50-->src\main\AndroidManifest.xml:88:17-57
51        __line="60" />
51-->src\main\AndroidManifest.xml:88:58-69
52    <!-- Application Definition -->
53    <application
53-->src\main\AndroidManifest.xml:15:3-77:17
54        android:name="com.epicgames.unreal.GameApplication"
54-->src\main\AndroidManifest.xml:15:147-198
55        android:appComponentFactory="androidx.core.app.CoreComponentFactory"
55-->[androidx.core:core:1.2.0] AndroidManifest.xml:24:18-86
56        android:debuggable="true"
57        android:extractNativeLibs="true"
57-->src\main\AndroidManifest.xml:15:114-146
58        android:hardwareAccelerated="true"
58-->src\main\AndroidManifest.xml:15:79-113
59        android:hasCode="true"
59-->src\main\AndroidManifest.xml:15:243-265
60        android:icon="@drawable/icon"
60-->src\main\AndroidManifest.xml:15:49-78
61        android:label="@string/app_name"
61-->src\main\AndroidManifest.xml:15:16-48
62        android:requestLegacyExternalStorage="true" >
62-->src\main\AndroidManifest.xml:15:199-242
63        <activity
63-->src\main\AndroidManifest.xml:16:5-24:16
64            android:name="com.epicgames.unreal.GameActivity"
64-->src\main\AndroidManifest.xml:16:15-63
65            android:configChanges="mcc|mnc|uiMode|density|screenSize|smallestScreenSize|screenLayout|orientation|keyboardHidden|keyboard|navigation|touchscreen|locale|fontScale|layoutDirection"
65-->src\main\AndroidManifest.xml:16:186-367
66            android:debuggable="true"
66-->src\main\AndroidManifest.xml:16:479-504
67            android:exported="true"
67-->src\main\AndroidManifest.xml:16:64-87
68            android:label="@string/app_name"
68-->src\main\AndroidManifest.xml:16:88-120
69            android:launchMode="singleTask"
69-->src\main\AndroidManifest.xml:16:403-434
70            android:resizeableActivity="false"
70-->src\main\AndroidManifest.xml:16:368-402
71            android:screenOrientation="sensorLandscape"
71-->src\main\AndroidManifest.xml:16:435-478
72            android:theme="@android:style/Theme.Black.NoTitleBar.Fullscreen" >
72-->src\main\AndroidManifest.xml:16:121-185
73            <meta-data
73-->src\main\AndroidManifest.xml:17:7-79
74                android:name="android.app.lib_name"
74-->src\main\AndroidManifest.xml:17:18-53
75                android:value="Unreal" />
75-->src\main\AndroidManifest.xml:17:54-76
76
77            <intent-filter>
77-->src\main\AndroidManifest.xml:18:7-22:23
78                <action android:name="android.intent.action.MAIN" />
78-->src\main\AndroidManifest.xml:19:9-61
78-->src\main\AndroidManifest.xml:19:17-58
79
80                <category android:name="android.intent.category.LAUNCHER" />
80-->src\main\AndroidManifest.xml:20:9-69
80-->src\main\AndroidManifest.xml:20:19-66
81                <category android:name="com.oculus.intent.category.VR" />
81-->src\main\AndroidManifest.xml:21:9-66
81-->src\main\AndroidManifest.xml:21:19-63
82            </intent-filter>
83
84            <meta-data
84-->src\main\AndroidManifest.xml:23:7-81
85                android:name="com.oculus.vr.focusaware"
85-->src\main\AndroidManifest.xml:23:18-57
86                android:value="true" />
86-->src\main\AndroidManifest.xml:23:58-78
87        </activity>
88        <activity android:name="com.epicgames.GRUA_IMP3D.DownloaderActivity" />
88-->src\main\AndroidManifest.xml:25:5-52
88-->src\main\AndroidManifest.xml:25:15-49
89
90        <meta-data
90-->src\main\AndroidManifest.xml:26:5-103
91            android:name="com.epicgames.unreal.GameActivity.EngineVersion"
91-->src\main\AndroidManifest.xml:26:16-78
92            android:value="5.3.2" />
92-->src\main\AndroidManifest.xml:26:79-100
93        <meta-data
93-->src\main\AndroidManifest.xml:27:5-114
94            android:name="com.epicgames.unreal.GameActivity.EngineBranch"
94-->src\main\AndroidManifest.xml:27:16-77
95            android:value="++UE5+Release-5.3" />
95-->src\main\AndroidManifest.xml:27:78-111
96        <meta-data
96-->src\main\AndroidManifest.xml:28:5-106
97            android:name="com.epicgames.unreal.GameActivity.ProjectVersion"
97-->src\main\AndroidManifest.xml:28:16-79
98            android:value="1.0.0.0" />
98-->src\main\AndroidManifest.xml:28:80-103
99        <meta-data
99-->src\main\AndroidManifest.xml:29:5-107
100            android:name="com.epicgames.unreal.GameActivity.DepthBufferPreference"
100-->src\main\AndroidManifest.xml:29:16-86
101            android:value="0" />
101-->src\main\AndroidManifest.xml:29:87-104
102        <meta-data
102-->src\main\AndroidManifest.xml:30:5-111
103            android:name="com.epicgames.unreal.GameActivity.bPackageDataInsideApk"
103-->src\main\AndroidManifest.xml:30:16-86
104            android:value="false" />
104-->src\main\AndroidManifest.xml:30:87-108
105        <meta-data
105-->src\main\AndroidManifest.xml:31:5-109
106            android:name="com.epicgames.unreal.GameActivity.bVerifyOBBOnStartUp"
106-->src\main\AndroidManifest.xml:31:16-84
107            android:value="false" />
107-->src\main\AndroidManifest.xml:31:85-106
108        <meta-data
108-->src\main\AndroidManifest.xml:32:5-102
109            android:name="com.epicgames.unreal.GameActivity.bShouldHideUI"
109-->src\main\AndroidManifest.xml:32:16-78
110            android:value="true" />
110-->src\main\AndroidManifest.xml:32:79-99
111        <meta-data
111-->src\main\AndroidManifest.xml:33:5-106
112            android:name="com.epicgames.unreal.GameActivity.ProjectName"
112-->src\main\AndroidManifest.xml:33:16-76
113            android:value="GRUA_IMP3D" />
113-->src\main\AndroidManifest.xml:33:77-103
114        <meta-data
114-->src\main\AndroidManifest.xml:34:5-92
115            android:name="com.epicgames.unreal.GameActivity.AppType"
115-->src\main\AndroidManifest.xml:34:16-72
116            android:value="" />
116-->src\main\AndroidManifest.xml:34:73-89
117        <meta-data
117-->src\main\AndroidManifest.xml:35:5-101
118            android:name="com.epicgames.unreal.GameActivity.bHasOBBFiles"
118-->src\main\AndroidManifest.xml:35:16-77
119            android:value="true" />
119-->src\main\AndroidManifest.xml:35:78-98
120        <meta-data
120-->src\main\AndroidManifest.xml:36:5-111
121            android:name="com.epicgames.unreal.GameActivity.BuildConfiguration"
121-->src\main\AndroidManifest.xml:36:16-83
122            android:value="Shipping" />
122-->src\main\AndroidManifest.xml:36:84-108
123        <meta-data
123-->src\main\AndroidManifest.xml:37:5-111
124            android:name="com.epicgames.unreal.GameActivity.CookedFlavors"
124-->src\main\AndroidManifest.xml:37:16-78
125            android:value="ETC2,DXT,ASTC" />
125-->src\main\AndroidManifest.xml:37:79-108
126        <meta-data
126-->src\main\AndroidManifest.xml:38:5-112
127            android:name="com.epicgames.unreal.GameActivity.bValidateTextureFormats"
127-->src\main\AndroidManifest.xml:38:16-88
128            android:value="true" />
128-->src\main\AndroidManifest.xml:38:89-109
129        <meta-data
129-->src\main\AndroidManifest.xml:39:5-109
130            android:name="com.epicgames.unreal.GameActivity.bUseExternalFilesDir"
130-->src\main\AndroidManifest.xml:39:16-85
131            android:value="true" />
131-->src\main\AndroidManifest.xml:39:86-106
132        <meta-data
132-->src\main\AndroidManifest.xml:40:5-105
133            android:name="com.epicgames.unreal.GameActivity.bPublicLogFiles"
133-->src\main\AndroidManifest.xml:40:16-80
134            android:value="false" />
134-->src\main\AndroidManifest.xml:40:81-102
135        <meta-data
135-->src\main\AndroidManifest.xml:41:5-107
136            android:name="com.epicgames.unreal.GameActivity.bUseDisplayCutout"
136-->src\main\AndroidManifest.xml:41:16-82
137            android:value="false" />
137-->src\main\AndroidManifest.xml:41:83-104
138        <meta-data
138-->src\main\AndroidManifest.xml:42:5-99
139            android:name="com.epicgames.unreal.GameActivity.bAllowIMU"
139-->src\main\AndroidManifest.xml:42:16-74
140            android:value="false" />
140-->src\main\AndroidManifest.xml:42:75-96
141        <meta-data
141-->src\main\AndroidManifest.xml:43:5-104
142            android:name="com.epicgames.unreal.GameActivity.bSupportsVulkan"
142-->src\main\AndroidManifest.xml:43:16-80
143            android:value="true" />
143-->src\main\AndroidManifest.xml:43:81-101
144        <meta-data
144-->src\main\AndroidManifest.xml:44:5-100
145            android:name="com.epicgames.unreal.GameActivity.PropagateAlpha"
145-->src\main\AndroidManifest.xml:44:16-79
146            android:value="0" />
146-->src\main\AndroidManifest.xml:44:80-97
147        <meta-data
147-->src\main\AndroidManifest.xml:45:5-144
148            android:name="com.epicgames.unreal.GameActivity.StartupPermissions"
148-->src\main\AndroidManifest.xml:45:16-83
149            android:value="android.permission.WRITE_EXTERNAL_STORAGE" />
149-->src\main\AndroidManifest.xml:45:84-141
150        <meta-data
150-->src\main\AndroidManifest.xml:46:5-85
151            android:name="android.supports_size_changes"
151-->src\main\AndroidManifest.xml:46:16-60
152            android:value="false" />
152-->src\main\AndroidManifest.xml:46:61-82
153        <meta-data
153-->src\main\AndroidManifest.xml:47:5-100
154            android:name="com.google.android.gms.games.APP_ID"
154-->src\main\AndroidManifest.xml:47:16-66
155            android:value="@string/app_id" />
155-->src\main\AndroidManifest.xml:47:67-97
156        <meta-data
156-->src\main\AndroidManifest.xml:48:5-118
157            android:name="com.google.android.gms.version"
157-->src\main\AndroidManifest.xml:48:16-61
158            android:value="@integer/google_play_services_version" />
158-->src\main\AndroidManifest.xml:48:62-115
159
160        <activity
160-->src\main\AndroidManifest.xml:49:5-180
161            android:name="com.google.android.gms.ads.AdActivity"
161-->src\main\AndroidManifest.xml:49:15-67
162            android:configChanges="keyboard|keyboardHidden|orientation|screenLayout|uiMode|screenSize|smallestScreenSize" />
162-->src\main\AndroidManifest.xml:49:68-177
163
164        <meta-data
164-->src\main\AndroidManifest.xml:50:5-99
165            android:name="com.oculus.supportedDevices"
165-->src\main\AndroidManifest.xml:50:16-58
166            android:value="quest|quest2|questpro" />
166-->src\main\AndroidManifest.xml:50:59-96
167
168        <service
168-->src\main\AndroidManifest.xml:51:5-119
169            android:name="com.epicgames.unreal.psoservices.OGLProgramService"
169-->src\main\AndroidManifest.xml:51:14-79
170            android:process=":psoprogramservice" />
170-->src\main\AndroidManifest.xml:51:80-116
171        <service
171-->src\main\AndroidManifest.xml:52:5-121
172            android:name="com.epicgames.unreal.psoservices.OGLProgramService1"
172-->src\main\AndroidManifest.xml:52:14-80
173            android:process=":psoprogramservice1" />
173-->src\main\AndroidManifest.xml:52:81-118
174        <service
174-->src\main\AndroidManifest.xml:53:5-121
175            android:name="com.epicgames.unreal.psoservices.OGLProgramService2"
175-->src\main\AndroidManifest.xml:53:14-80
176            android:process=":psoprogramservice2" />
176-->src\main\AndroidManifest.xml:53:81-118
177        <service
177-->src\main\AndroidManifest.xml:54:5-121
178            android:name="com.epicgames.unreal.psoservices.OGLProgramService3"
178-->src\main\AndroidManifest.xml:54:14-80
179            android:process=":psoprogramservice3" />
179-->src\main\AndroidManifest.xml:54:81-118
180        <service
180-->src\main\AndroidManifest.xml:55:5-121
181            android:name="com.epicgames.unreal.psoservices.OGLProgramService4"
181-->src\main\AndroidManifest.xml:55:14-80
182            android:process=":psoprogramservice4" />
182-->src\main\AndroidManifest.xml:55:81-118
183        <service
183-->src\main\AndroidManifest.xml:56:5-121
184            android:name="com.epicgames.unreal.psoservices.OGLProgramService5"
184-->src\main\AndroidManifest.xml:56:14-80
185            android:process=":psoprogramservice5" />
185-->src\main\AndroidManifest.xml:56:81-118
186        <service
186-->src\main\AndroidManifest.xml:57:5-121
187            android:name="com.epicgames.unreal.psoservices.OGLProgramService6"
187-->src\main\AndroidManifest.xml:57:14-80
188            android:process=":psoprogramservice6" />
188-->src\main\AndroidManifest.xml:57:81-118
189        <service
189-->src\main\AndroidManifest.xml:58:5-121
190            android:name="com.epicgames.unreal.psoservices.OGLProgramService7"
190-->src\main\AndroidManifest.xml:58:14-80
191            android:process=":psoprogramservice7" />
191-->src\main\AndroidManifest.xml:58:81-118
192        <service
192-->src\main\AndroidManifest.xml:59:5-122
193            android:name="com.epicgames.unreal.psoservices.VulkanProgramService"
193-->src\main\AndroidManifest.xml:59:14-82
194            android:process=":psoprogramservice" />
194-->src\main\AndroidManifest.xml:59:83-119
195        <service
195-->src\main\AndroidManifest.xml:60:5-124
196            android:name="com.epicgames.unreal.psoservices.VulkanProgramService1"
196-->src\main\AndroidManifest.xml:60:14-83
197            android:process=":psoprogramservice1" />
197-->src\main\AndroidManifest.xml:60:84-121
198        <service
198-->src\main\AndroidManifest.xml:61:5-124
199            android:name="com.epicgames.unreal.psoservices.VulkanProgramService2"
199-->src\main\AndroidManifest.xml:61:14-83
200            android:process=":psoprogramservice2" />
200-->src\main\AndroidManifest.xml:61:84-121
201        <service
201-->src\main\AndroidManifest.xml:62:5-124
202            android:name="com.epicgames.unreal.psoservices.VulkanProgramService3"
202-->src\main\AndroidManifest.xml:62:14-83
203            android:process=":psoprogramservice3" />
203-->src\main\AndroidManifest.xml:62:84-121
204        <service
204-->src\main\AndroidManifest.xml:63:5-124
205            android:name="com.epicgames.unreal.psoservices.VulkanProgramService4"
205-->src\main\AndroidManifest.xml:63:14-83
206            android:process=":psoprogramservice4" />
206-->src\main\AndroidManifest.xml:63:84-121
207        <service
207-->src\main\AndroidManifest.xml:64:5-124
208            android:name="com.epicgames.unreal.psoservices.VulkanProgramService5"
208-->src\main\AndroidManifest.xml:64:14-83
209            android:process=":psoprogramservice5" />
209-->src\main\AndroidManifest.xml:64:84-121
210        <service
210-->src\main\AndroidManifest.xml:65:5-124
211            android:name="com.epicgames.unreal.psoservices.VulkanProgramService6"
211-->src\main\AndroidManifest.xml:65:14-83
212            android:process=":psoprogramservice6" />
212-->src\main\AndroidManifest.xml:65:84-121
213        <service
213-->src\main\AndroidManifest.xml:66:5-124
214            android:name="com.epicgames.unreal.psoservices.VulkanProgramService7"
214-->src\main\AndroidManifest.xml:66:14-83
215            android:process=":psoprogramservice7" />
215-->src\main\AndroidManifest.xml:66:84-121
216        <service android:name="com.epicgames.GRUA_IMP3D.OBBDownloaderService" />
216-->src\main\AndroidManifest.xml:67:5-52
216-->src\main\AndroidManifest.xml:67:14-49
217
218        <receiver android:name="com.epicgames.GRUA_IMP3D.AlarmReceiver" />
218-->src\main\AndroidManifest.xml:68:5-46
218-->src\main\AndroidManifest.xml:68:15-43
219        <receiver android:name="com.epicgames.unreal.LocalNotificationReceiver" />
219-->src\main\AndroidManifest.xml:69:5-79
219-->src\main\AndroidManifest.xml:69:15-76
220        <receiver android:name="com.epicgames.unreal.CellularReceiver" />
220-->src\main\AndroidManifest.xml:70:5-70
220-->src\main\AndroidManifest.xml:70:15-67
221        <receiver
221-->src\main\AndroidManifest.xml:71:5-75:16
222            android:name="com.epicgames.unreal.MulticastBroadcastReceiver"
222-->src\main\AndroidManifest.xml:71:15-77
223            android:exported="true" >
223-->src\main\AndroidManifest.xml:71:78-101
224            <intent-filter>
224-->src\main\AndroidManifest.xml:72:7-74:23
225                <action android:name="com.android.vending.INSTALL_REFERRER" />
225-->src\main\AndroidManifest.xml:73:9-71
225-->src\main\AndroidManifest.xml:73:17-68
226            </intent-filter>
227        </receiver>
228
229        <meta-data
229-->src\main\AndroidManifest.xml:76:5-79
230            android:name="android.max_aspect"
230-->src\main\AndroidManifest.xml:76:16-49
231            android:value="2100000.00" />
231-->src\main\AndroidManifest.xml:76:50-76
232
233        <activity
233-->[com.google.android.gms:play-services-auth:18.1.0] AndroidManifest.xml:23:9-27:75
234            android:name="com.google.android.gms.auth.api.signin.internal.SignInHubActivity"
234-->[com.google.android.gms:play-services-auth:18.1.0] AndroidManifest.xml:24:13-93
235            android:excludeFromRecents="true"
235-->[com.google.android.gms:play-services-auth:18.1.0] AndroidManifest.xml:25:13-46
236            android:exported="false"
236-->[com.google.android.gms:play-services-auth:18.1.0] AndroidManifest.xml:26:13-37
237            android:theme="@android:style/Theme.Translucent.NoTitleBar" />
237-->[com.google.android.gms:play-services-auth:18.1.0] AndroidManifest.xml:27:13-72
238        <!--
239            Service handling Google Sign-In user revocation. For apps that do not integrate with
240            Google Sign-In, this service will never be started.
241        -->
242        <service
242-->[com.google.android.gms:play-services-auth:18.1.0] AndroidManifest.xml:33:9-37:51
243            android:name="com.google.android.gms.auth.api.signin.RevocationBoundService"
243-->[com.google.android.gms:play-services-auth:18.1.0] AndroidManifest.xml:34:13-89
244            android:exported="true"
244-->[com.google.android.gms:play-services-auth:18.1.0] AndroidManifest.xml:35:13-36
245            android:permission="com.google.android.gms.auth.api.signin.permission.REVOCATION_NOTIFICATION"
245-->[com.google.android.gms:play-services-auth:18.1.0] AndroidManifest.xml:36:13-107
246            android:visibleToInstantApps="true" />
246-->[com.google.android.gms:play-services-auth:18.1.0] AndroidManifest.xml:37:13-48
247        <service
247-->[com.google.android.gms:play-services-nearby:18.1.0] AndroidManifest.xml:10:9-13:105
248            android:name="com.google.android.gms.nearby.exposurenotification.WakeUpService"
248-->[com.google.android.gms:play-services-nearby:18.1.0] AndroidManifest.xml:11:13-92
249            android:exported="true"
249-->[com.google.android.gms:play-services-nearby:18.1.0] AndroidManifest.xml:12:13-36
250            android:permission="com.google.android.gms.nearby.exposurenotification.EXPOSURE_CALLBACK" />
250-->[com.google.android.gms:play-services-nearby:18.1.0] AndroidManifest.xml:13:13-102
251
252        <meta-data
252-->[com.android.billingclient:billing:6.0.0] AndroidManifest.xml:19:9-21:37
253            android:name="com.google.android.play.billingclient.version"
253-->[com.android.billingclient:billing:6.0.0] AndroidManifest.xml:20:13-73
254            android:value="6.0.0" />
254-->[com.android.billingclient:billing:6.0.0] AndroidManifest.xml:21:13-34
255
256        <activity
256-->[com.android.billingclient:billing:6.0.0] AndroidManifest.xml:23:9-27:75
257            android:name="com.android.billingclient.api.ProxyBillingActivity"
257-->[com.android.billingclient:billing:6.0.0] AndroidManifest.xml:24:13-78
258            android:configChanges="keyboard|keyboardHidden|screenLayout|screenSize|orientation"
258-->[com.android.billingclient:billing:6.0.0] AndroidManifest.xml:25:13-96
259            android:exported="false"
259-->[com.android.billingclient:billing:6.0.0] AndroidManifest.xml:26:13-37
260            android:theme="@android:style/Theme.Translucent.NoTitleBar" />
260-->[com.android.billingclient:billing:6.0.0] AndroidManifest.xml:27:13-72
261        <activity
261-->[com.google.android.gms:play-services-base:18.0.1] AndroidManifest.xml:20:9-22:45
262            android:name="com.google.android.gms.common.api.GoogleApiActivity"
262-->[com.google.android.gms:play-services-base:18.0.1] AndroidManifest.xml:20:19-85
263            android:exported="false"
263-->[com.google.android.gms:play-services-base:18.0.1] AndroidManifest.xml:22:19-43
264            android:theme="@android:style/Theme.Translucent.NoTitleBar" />
264-->[com.google.android.gms:play-services-base:18.0.1] AndroidManifest.xml:21:19-78
265
266        <service
266-->[com.google.android.datatransport:transport-backend-cct:3.1.8] AndroidManifest.xml:28:9-34:19
267            android:name="com.google.android.datatransport.runtime.backends.TransportBackendDiscovery"
267-->[com.google.android.datatransport:transport-backend-cct:3.1.8] AndroidManifest.xml:29:13-103
268            android:exported="false" >
268-->[com.google.android.datatransport:transport-backend-cct:3.1.8] AndroidManifest.xml:30:13-37
269            <meta-data
269-->[com.google.android.datatransport:transport-backend-cct:3.1.8] AndroidManifest.xml:31:13-33:39
270                android:name="backend:com.google.android.datatransport.cct.CctBackendFactory"
270-->[com.google.android.datatransport:transport-backend-cct:3.1.8] AndroidManifest.xml:32:17-94
271                android:value="cct" />
271-->[com.google.android.datatransport:transport-backend-cct:3.1.8] AndroidManifest.xml:33:17-36
272        </service>
273        <service
273-->[com.google.android.datatransport:transport-runtime:3.1.8] AndroidManifest.xml:26:9-30:19
274            android:name="com.google.android.datatransport.runtime.scheduling.jobscheduling.JobInfoSchedulerService"
274-->[com.google.android.datatransport:transport-runtime:3.1.8] AndroidManifest.xml:27:13-117
275            android:exported="false"
275-->[com.google.android.datatransport:transport-runtime:3.1.8] AndroidManifest.xml:28:13-37
276            android:permission="android.permission.BIND_JOB_SERVICE" >
276-->[com.google.android.datatransport:transport-runtime:3.1.8] AndroidManifest.xml:29:13-69
277        </service>
278
279        <receiver
279-->[com.google.android.datatransport:transport-runtime:3.1.8] AndroidManifest.xml:32:9-34:40
280            android:name="com.google.android.datatransport.runtime.scheduling.jobscheduling.AlarmManagerSchedulerBroadcastReceiver"
280-->[com.google.android.datatransport:transport-runtime:3.1.8] AndroidManifest.xml:33:13-132
281            android:exported="false" />
281-->[com.google.android.datatransport:transport-runtime:3.1.8] AndroidManifest.xml:34:13-37
282
283        <provider
283-->[androidx.lifecycle:lifecycle-process:2.0.0] AndroidManifest.xml:23:9-27:43
284            android:name="androidx.lifecycle.ProcessLifecycleOwnerInitializer"
284-->[androidx.lifecycle:lifecycle-process:2.0.0] AndroidManifest.xml:24:13-79
285            android:authorities="com.epicgames.GRUA_IMP3D.lifecycle-process"
285-->[androidx.lifecycle:lifecycle-process:2.0.0] AndroidManifest.xml:25:13-69
286            android:exported="false"
286-->[androidx.lifecycle:lifecycle-process:2.0.0] AndroidManifest.xml:26:13-37
287            android:multiprocess="true" />
287-->[androidx.lifecycle:lifecycle-process:2.0.0] AndroidManifest.xml:27:13-40
288    </application>
289
290</manifest>